module.js:557
    throw err;
    ^

Error: Cannot find module 'baidu-aip-sdk'
    at Function.Module._resolveFilename (module.js:555:15)
    at Function.Module._load (module.js:482:25)
    at Module.require (module.js:604:17)
    at require (internal/module.js:11:18)
    at Object.<anonymous> (/Users/mengfankang/nodepro/baidu-voice/src/voice.js:2:25)
    at Module._compile (module.js:660:30)
    at Object.Module._extensions..js (module.js:671:10)
    at Module.load (module.js:573:32)
    at tryModuleLoad (module.js:513:12)
    at Function.Module._load (module.js:505:3)
(node:978) UnhandledPromiseRejectionWarning: #<Object>
(node:978) UnhandledPromiseRejectionWarning: Unhandled promise rejection. This error originated either by throwing inside of an async function without a catch block, or by rejecting a promise which was not handled with .catch(). (rejection id: 1)
(node:978) [DEP0018] DeprecationWarning: Unhandled promise rejections are deprecated. In the future, promise rejections that are not handled will terminate the Node.js process with a non-zero exit code.
(node:978) UnhandledPromiseRejectionWarning: #<Object>
(node:978) UnhandledPromiseRejectionWarning: Unhandled promise rejection. This error originated either by throwing inside of an async function without a catch block, or by rejecting a promise which was not handled with .catch(). (rejection id: 2)
{ err_detail: 'Params!',
  err_msg: 'parameter error.',
  err_no: 501,
  err_subcode: 50000,
  tts_logid: 1042538825 }
{ err_detail: 'Params!',
  err_msg: 'parameter error.',
  err_no: 501,
  err_subcode: 50000,
  tts_logid: 675277122 }
{ err_detail: 'Params!',
  err_msg: 'parameter error.',
  err_no: 501,
  err_subcode: 50000,
  tts_logid: 81259654 }
{ err_detail: 'Params!',
  err_msg: 'parameter error.',
  err_no: 501,
  err_subcode: 50000,
  tts_logid: 1881892896 }
